0 silly argv { _: [ 'clean' ], lernaVersion: '3.13.0', '$0': 'lerna' }
1 notice cli v3.13.0
2 verbose rootPath /home/arzion/dev/lerna/zero
3 info versioning independent
4 info Removing the following directories:
5 info clean @seekda/first/node_modules
5 info clean @seekda/second/node_modules
5 info clean @seekda/shared-config/node_modules
5 info clean apps/kbe/node_modules
6 info clean removing /home/arzion/dev/lerna/zero/@seekda/first/node_modules
7 silly rimrafDir /home/arzion/dev/lerna/zero/@seekda/first/node_modules
8 info clean removing /home/arzion/dev/lerna/zero/@seekda/second/node_modules
9 silly rimrafDir /home/arzion/dev/lerna/zero/@seekda/second/node_modules
10 info clean removing /home/arzion/dev/lerna/zero/@seekda/shared-config/node_modules
11 silly rimrafDir /home/arzion/dev/lerna/zero/@seekda/shared-config/node_modules
12 info clean removing /home/arzion/dev/lerna/zero/apps/kbe/node_modules
13 silly rimrafDir /home/arzion/dev/lerna/zero/apps/kbe/node_modules
14 error Error: Command failed: /usr/bin/node /home/arzion/dev/lerna/zero/node_modules/rimraf/bin.js --no-glob /home/arzion/dev/lerna/zero/@seekda/shared-config/node_modules/
14 error     at makeError (/home/arzion/dev/lerna/zero/node_modules/execa/index.js:174:9)
14 error     at Promise.all.then.arr (/home/arzion/dev/lerna/zero/node_modules/execa/index.js:278:16)
